c:\users\戴杰\desktop\code\cpp语言程序设计_郑莉\实验及课后习题\实验3\debug\lab3_1.obj
c:\users\戴杰\desktop\code\cpp语言程序设计_郑莉\实验及课后习题\实验3\debug\vc100.pdb
c:\users\戴杰\desktop\code\cpp语言程序设计_郑莉\实验及课后习题\debug\lab3_1.ilk
c:\users\戴杰\desktop\code\cpp语言程序设计_郑莉\实验及课后习题\debug\lab3_1.exe
c:\users\戴杰\desktop\code\cpp语言程序设计_郑莉\实验及课后习题\实验3\debug\lab3_1.exe.intermediate.manifest
c:\users\戴杰\desktop\code\cpp语言程序设计_郑莉\实验及课后习题\debug\lab3_1.pdb
c:\users\戴杰\desktop\code\cpp语言程序设计_郑莉\实验及课后习题\实验3\debug\lab3_1.exe.embed.manifest
c:\users\戴杰\desktop\code\cpp语言程序设计_郑莉\实验及课后习题\实验3\debug\lab3_1.exe.embed.manifest.res
c:\users\daijie\desktop\cpp-zhengli\实验及课后习题\实验3\debug\实验3.vcxprojresolveassemblyreference.cache
c:\users\daijie\desktop\cpp-zhengli\实验及课后习题\实验3\debug\lab3_1.obj
c:\users\daijie\desktop\cpp-zhengli\实验及课后习题\实验3\debug\cl.command.1.tlog
c:\users\daijie\desktop\cpp-zhengli\实验及课后习题\实验3\debug\cl.read.1.tlog
c:\users\daijie\desktop\cpp-zhengli\实验及课后习题\实验3\debug\cl.write.1.tlog
c:\users\daijie\desktop\cpp-zhengli\实验及课后习题\实验3\debug\lab3_1.write.1.tlog
c:\users\daijie\desktop\cpp-zhengli\实验及课后习题\实验3\debug\link-cvtres.read.1.tlog
c:\users\daijie\desktop\cpp-zhengli\实验及课后习题\实验3\debug\link-cvtres.write.1.tlog
c:\users\daijie\desktop\cpp-zhengli\实验及课后习题\实验3\debug\link.836-cvtres.read.1.tlog
c:\users\daijie\desktop\cpp-zhengli\实验及课后习题\实验3\debug\link.836-cvtres.write.1.tlog
c:\users\daijie\desktop\cpp-zhengli\实验及课后习题\实验3\debug\link.836.read.1.tlog
c:\users\daijie\desktop\cpp-zhengli\实验及课后习题\实验3\debug\link.836.write.1.tlog
c:\users\daijie\desktop\cpp-zhengli\实验及课后习题\实验3\debug\link.command.1.tlog
c:\users\daijie\desktop\cpp-zhengli\实验及课后习题\实验3\debug\link.read.1.tlog
c:\users\daijie\desktop\cpp-zhengli\实验及课后习题\实验3\debug\link.write.1.tlog
c:\users\daijie\desktop\cpp-zhengli\实验及课后习题\实验3\debug\mt.command.1.tlog
c:\users\daijie\desktop\cpp-zhengli\实验及课后习题\实验3\debug\mt.read.1.tlog
c:\users\daijie\desktop\cpp-zhengli\实验及课后习题\实验3\debug\mt.write.1.tlog
c:\users\daijie\desktop\cpp-zhengli\实验及课后习题\实验3\debug\rc.command.1.tlog
c:\users\daijie\desktop\cpp-zhengli\实验及课后习题\实验3\debug\rc.read.1.tlog
c:\users\daijie\desktop\cpp-zhengli\实验及课后习题\实验3\debug\rc.write.1.tlog
c:\users\daijie\desktop\cpp-zhengli\实验及课后习题\实验3\debug\lab3_1.exe.embed.manifest
c:\users\daijie\desktop\cpp-zhengli\实验及课后习题\实验3\debug\lab3_1.exe.intermediate.manifest
c:\users\daijie\desktop\cpp-zhengli\实验及课后习题\实验3\debug\lab3_1.exe.embed.manifest.res
c:\users\daijie\desktop\cpp-zhengli\实验及课后习题\实验3\debug\vc100.idb
c:\users\daijie\desktop\cpp-zhengli\实验及课后习题\实验3\debug\vc100.pdb
c:\users\daijie\desktop\cpp-zhengli\实验及课后习题\实验3\debug\lab3_1_manifest.rc
c:\users\daijie\desktop\cpp-zhengli\实验及课后习题\debug\lab3_1.pdb
c:\users\daijie\desktop\cpp-zhengli\实验及课后习题\debug\lab3_1.exe
c:\users\daijie\desktop\cpp-zhengli\实验及课后习题\debug\lab3_1.ilk
