c:\users\戴杰\desktop\code\cpp语言程序设计_郑莉\实验及课后习题\lab3_5\debug\lab3_5.obj
c:\users\戴杰\desktop\code\cpp语言程序设计_郑莉\实验及课后习题\lab3_5\debug\vc100.pdb
c:\users\戴杰\desktop\code\cpp语言程序设计_郑莉\实验及课后习题\debug\lab3_5.ilk
c:\users\戴杰\desktop\code\cpp语言程序设计_郑莉\实验及课后习题\debug\lab3_5.exe
c:\users\戴杰\desktop\code\cpp语言程序设计_郑莉\实验及课后习题\lab3_5\debug\lab3_5.exe.intermediate.manifest
c:\users\戴杰\desktop\code\cpp语言程序设计_郑莉\实验及课后习题\debug\lab3_5.pdb
c:\users\戴杰\desktop\code\cpp语言程序设计_郑莉\实验及课后习题\lab3_5\debug\lab3_5.exe.embed.manifest
c:\users\戴杰\desktop\code\cpp语言程序设计_郑莉\实验及课后习题\lab3_5\debug\lab3_5.exe.embed.manifest.res
c:\users\daijie\desktop\cpp-zhengli\实验及课后习题\lab3_5\debug\lab3_5.obj
c:\users\daijie\desktop\cpp-zhengli\实验及课后习题\lab3_5\debug\cl.command.1.tlog
c:\users\daijie\desktop\cpp-zhengli\实验及课后习题\lab3_5\debug\cl.read.1.tlog
c:\users\daijie\desktop\cpp-zhengli\实验及课后习题\lab3_5\debug\cl.write.1.tlog
c:\users\daijie\desktop\cpp-zhengli\实验及课后习题\lab3_5\debug\lab3_5.write.1.tlog
c:\users\daijie\desktop\cpp-zhengli\实验及课后习题\lab3_5\debug\link-cvtres.read.1.tlog
c:\users\daijie\desktop\cpp-zhengli\实验及课后习题\lab3_5\debug\link-cvtres.write.1.tlog
c:\users\daijie\desktop\cpp-zhengli\实验及课后习题\lab3_5\debug\link.6656-cvtres.read.1.tlog
c:\users\daijie\desktop\cpp-zhengli\实验及课后习题\lab3_5\debug\link.6656-cvtres.write.1.tlog
c:\users\daijie\desktop\cpp-zhengli\实验及课后习题\lab3_5\debug\link.6656.read.1.tlog
c:\users\daijie\desktop\cpp-zhengli\实验及课后习题\lab3_5\debug\link.6656.write.1.tlog
c:\users\daijie\desktop\cpp-zhengli\实验及课后习题\lab3_5\debug\link.command.1.tlog
c:\users\daijie\desktop\cpp-zhengli\实验及课后习题\lab3_5\debug\link.read.1.tlog
c:\users\daijie\desktop\cpp-zhengli\实验及课后习题\lab3_5\debug\link.write.1.tlog
c:\users\daijie\desktop\cpp-zhengli\实验及课后习题\lab3_5\debug\mt.command.1.tlog
c:\users\daijie\desktop\cpp-zhengli\实验及课后习题\lab3_5\debug\mt.read.1.tlog
c:\users\daijie\desktop\cpp-zhengli\实验及课后习题\lab3_5\debug\mt.write.1.tlog
c:\users\daijie\desktop\cpp-zhengli\实验及课后习题\lab3_5\debug\rc.command.1.tlog
c:\users\daijie\desktop\cpp-zhengli\实验及课后习题\lab3_5\debug\rc.read.1.tlog
c:\users\daijie\desktop\cpp-zhengli\实验及课后习题\lab3_5\debug\rc.write.1.tlog
c:\users\daijie\desktop\cpp-zhengli\实验及课后习题\lab3_5\debug\lab3_5.exe.embed.manifest
c:\users\daijie\desktop\cpp-zhengli\实验及课后习题\lab3_5\debug\lab3_5.exe.intermediate.manifest
c:\users\daijie\desktop\cpp-zhengli\实验及课后习题\lab3_5\debug\lab3_5.exe.embed.manifest.res
c:\users\daijie\desktop\cpp-zhengli\实验及课后习题\lab3_5\debug\vc100.idb
c:\users\daijie\desktop\cpp-zhengli\实验及课后习题\lab3_5\debug\vc100.pdb
c:\users\daijie\desktop\cpp-zhengli\实验及课后习题\lab3_5\debug\lab3_5_manifest.rc
c:\users\daijie\desktop\cpp-zhengli\实验及课后习题\debug\lab3_5.pdb
c:\users\daijie\desktop\cpp-zhengli\实验及课后习题\debug\lab3_5.exe
c:\users\daijie\desktop\cpp-zhengli\实验及课后习题\debug\lab3_5.ilk
