c:\users\戴杰\desktop\code\cpp语言程序设计_郑莉\实验及课后习题\lab3_2\debug\lab3_2.obj
c:\users\戴杰\desktop\code\cpp语言程序设计_郑莉\实验及课后习题\lab3_2\debug\vc100.pdb
c:\users\戴杰\desktop\code\cpp语言程序设计_郑莉\实验及课后习题\debug\lab3_2.ilk
c:\users\戴杰\desktop\code\cpp语言程序设计_郑莉\实验及课后习题\debug\lab3_2.exe
c:\users\戴杰\desktop\code\cpp语言程序设计_郑莉\实验及课后习题\lab3_2\debug\lab3_2.exe.intermediate.manifest
c:\users\戴杰\desktop\code\cpp语言程序设计_郑莉\实验及课后习题\debug\lab3_2.pdb
c:\users\戴杰\desktop\code\cpp语言程序设计_郑莉\实验及课后习题\lab3_2\debug\lab3_2.exe.embed.manifest
c:\users\戴杰\desktop\code\cpp语言程序设计_郑莉\实验及课后习题\lab3_2\debug\lab3_2.exe.embed.manifest.res
c:\users\daijie\desktop\cpp-zhengli\实验及课后习题\lab3_2\debug\lab3_2.obj
c:\users\daijie\desktop\cpp-zhengli\实验及课后习题\lab3_2\debug\cl.command.1.tlog
c:\users\daijie\desktop\cpp-zhengli\实验及课后习题\lab3_2\debug\cl.read.1.tlog
c:\users\daijie\desktop\cpp-zhengli\实验及课后习题\lab3_2\debug\cl.write.1.tlog
c:\users\daijie\desktop\cpp-zhengli\实验及课后习题\lab3_2\debug\lab3_2.write.1.tlog
c:\users\daijie\desktop\cpp-zhengli\实验及课后习题\lab3_2\debug\link-cvtres.read.1.tlog
c:\users\daijie\desktop\cpp-zhengli\实验及课后习题\lab3_2\debug\link-cvtres.write.1.tlog
c:\users\daijie\desktop\cpp-zhengli\实验及课后习题\lab3_2\debug\link.3228-cvtres.read.1.tlog
c:\users\daijie\desktop\cpp-zhengli\实验及课后习题\lab3_2\debug\link.3228-cvtres.write.1.tlog
c:\users\daijie\desktop\cpp-zhengli\实验及课后习题\lab3_2\debug\link.3228.read.1.tlog
c:\users\daijie\desktop\cpp-zhengli\实验及课后习题\lab3_2\debug\link.3228.write.1.tlog
c:\users\daijie\desktop\cpp-zhengli\实验及课后习题\lab3_2\debug\link.command.1.tlog
c:\users\daijie\desktop\cpp-zhengli\实验及课后习题\lab3_2\debug\link.read.1.tlog
c:\users\daijie\desktop\cpp-zhengli\实验及课后习题\lab3_2\debug\link.write.1.tlog
c:\users\daijie\desktop\cpp-zhengli\实验及课后习题\lab3_2\debug\mt.command.1.tlog
c:\users\daijie\desktop\cpp-zhengli\实验及课后习题\lab3_2\debug\mt.read.1.tlog
c:\users\daijie\desktop\cpp-zhengli\实验及课后习题\lab3_2\debug\mt.write.1.tlog
c:\users\daijie\desktop\cpp-zhengli\实验及课后习题\lab3_2\debug\rc.command.1.tlog
c:\users\daijie\desktop\cpp-zhengli\实验及课后习题\lab3_2\debug\rc.read.1.tlog
c:\users\daijie\desktop\cpp-zhengli\实验及课后习题\lab3_2\debug\rc.write.1.tlog
c:\users\daijie\desktop\cpp-zhengli\实验及课后习题\lab3_2\debug\lab3_2.exe.embed.manifest
c:\users\daijie\desktop\cpp-zhengli\实验及课后习题\lab3_2\debug\lab3_2.exe.intermediate.manifest
c:\users\daijie\desktop\cpp-zhengli\实验及课后习题\lab3_2\debug\lab3_2.exe.embed.manifest.res
c:\users\daijie\desktop\cpp-zhengli\实验及课后习题\lab3_2\debug\vc100.idb
c:\users\daijie\desktop\cpp-zhengli\实验及课后习题\lab3_2\debug\vc100.pdb
c:\users\daijie\desktop\cpp-zhengli\实验及课后习题\lab3_2\debug\lab3_2_manifest.rc
c:\users\daijie\desktop\cpp-zhengli\实验及课后习题\debug\lab3_2.pdb
c:\users\daijie\desktop\cpp-zhengli\实验及课后习题\debug\lab3_2.exe
c:\users\daijie\desktop\cpp-zhengli\实验及课后习题\debug\lab3_2.ilk
