生成启动时间为 2019/3/12 15:51:32。
     1>项目“C:\Users\戴杰\Desktop\code\CPP语言程序设计_郑莉\例题代码\5_04\5_04.vcxproj”在节点 2 上(build 个目标)。
     1>InitializeBuildStatus:
         正在创建“Debug\5_04.unsuccessfulbuild”，因为已指定“AlwaysCreate”。
       ClCompile:
         d:\Program Files (x86)\Microsoft Visual Studio 10.0\VC\bin\CL.exe /c /ZI /nologo /W3 /WX- /Od /Oy- /D WIN32 /D _DEBUG /D _CONSOLE /D _UNICODE /D UNICODE /Gm /EHsc /RTC1 /MDd /GS /fp:precise /Zc:wchar_t /Zc:forScope /Fo"Debug\\" /Fd"Debug\vc100.pdb" /Gd /TP /analyze- /errorReport:prompt 5_04.cpp
         5_04.cpp
       ManifestResourceCompile:
         所有输出均为最新。
       Link:
         d:\Program Files (x86)\Microsoft Visual Studio 10.0\VC\bin\link.exe /ERRORREPORT:PROMPT /OUT:"C:\Users\戴杰\Desktop\code\CPP语言程序设计_郑莉\例题代码\Debug\5_04.exe" /INCREMENTAL /NOLOGO kernel32.lib user32.lib gdi32.lib winspool.lib comdlg32.lib advapi32.lib shell32.lib ole32.lib oleaut32.lib uuid.lib odbc32.lib odbccp32.lib /MANIFEST /ManifestFile:"Debug\5_04.exe.intermediate.manifest" /MANIFESTUAC:"level='asInvoker' uiAccess='false'" /DEBUG /PDB:"C:\Users\戴杰\Desktop\code\CPP语言程序设计_郑莉\例题代码\Debug\5_04.pdb" /SUBSYSTEM:CONSOLE /TLBID:1 /DYNAMICBASE /NXCOMPAT /IMPLIB:"C:\Users\戴杰\Desktop\code\CPP语言程序设计_郑莉\例题代码\Debug\5_04.lib" /MACHINE:X86 Debug\5_04.exe.embed.manifest.res
         Debug\5_04.obj
       Manifest:
         C:\Program Files (x86)\Microsoft SDKs\Windows\v7.0A\bin\mt.exe /nologo /verbose /out:"Debug\5_04.exe.embed.manifest" /manifest Debug\5_04.exe.intermediate.manifest
         所有输出均为最新。
       LinkEmbedManifest:
         所有输出均为最新。
         5_04.vcxproj -> C:\Users\戴杰\Desktop\code\CPP语言程序设计_郑莉\例题代码\Debug\5_04.exe
       FinalizeBuildStatus:
         正在删除文件“Debug\5_04.unsuccessfulbuild”。
         正在对“Debug\5_04.lastbuildstate”执行 Touch 任务。
     1>已完成生成项目“C:\Users\戴杰\Desktop\code\CPP语言程序设计_郑莉\例题代码\5_04\5_04.vcxproj”(build 个目标)的操作。

生成成功。

已用时间 00:00:01.23
