生成启动时间为 2019/3/13 16:09:57。
     1>项目“C:\Users\戴杰\Desktop\code\CPP语言程序设计_郑莉\实验及课后习题\lab5_2\lab5_2.vcxproj”在节点 2 上(build 个目标)。
     1>InitializeBuildStatus:
         正在创建“Debug\lab5_2.unsuccessfulbuild”，因为已指定“AlwaysCreate”。
       ClCompile:
         d:\Program Files (x86)\Microsoft Visual Studio 10.0\VC\bin\CL.exe /c /ZI /nologo /W3 /WX- /Od /Oy- /D WIN32 /D _DEBUG /D _CONSOLE /D _UNICODE /D UNICODE /Gm /EHsc /RTC1 /MDd /GS /fp:precise /Zc:wchar_t /Zc:forScope /Fo"Debug\\" /Fd"Debug\vc100.pdb" /Gd /TP /analyze- /errorReport:prompt lab5_2.cpp
         lab5_2.cpp
       ManifestResourceCompile:
         所有输出均为最新。
       Link:
         d:\Program Files (x86)\Microsoft Visual Studio 10.0\VC\bin\link.exe /ERRORREPORT:PROMPT /OUT:"C:\Users\戴杰\Desktop\code\CPP语言程序设计_郑莉\实验及课后习题\Debug\lab5_2.exe" /INCREMENTAL /NOLOGO kernel32.lib user32.lib gdi32.lib winspool.lib comdlg32.lib advapi32.lib shell32.lib ole32.lib oleaut32.lib uuid.lib odbc32.lib odbccp32.lib /MANIFEST /ManifestFile:"Debug\lab5_2.exe.intermediate.manifest" /MANIFESTUAC:"level='asInvoker' uiAccess='false'" /DEBUG /PDB:"C:\Users\戴杰\Desktop\code\CPP语言程序设计_郑莉\实验及课后习题\Debug\lab5_2.pdb" /SUBSYSTEM:CONSOLE /TLBID:1 /DYNAMICBASE /NXCOMPAT /IMPLIB:"C:\Users\戴杰\Desktop\code\CPP语言程序设计_郑莉\实验及课后习题\Debug\lab5_2.lib" /MACHINE:X86 Debug\lab5_2.exe.embed.manifest.res
         Debug\client.obj
         Debug\lab5_2.obj
       Manifest:
         C:\Program Files (x86)\Microsoft SDKs\Windows\v7.0A\bin\mt.exe /nologo /verbose /out:"Debug\lab5_2.exe.embed.manifest" /manifest Debug\lab5_2.exe.intermediate.manifest
         所有输出均为最新。
       LinkEmbedManifest:
         所有输出均为最新。
         lab5_2.vcxproj -> C:\Users\戴杰\Desktop\code\CPP语言程序设计_郑莉\实验及课后习题\Debug\lab5_2.exe
       FinalizeBuildStatus:
         正在删除文件“Debug\lab5_2.unsuccessfulbuild”。
         正在对“Debug\lab5_2.lastbuildstate”执行 Touch 任务。
     1>已完成生成项目“C:\Users\戴杰\Desktop\code\CPP语言程序设计_郑莉\实验及课后习题\lab5_2\lab5_2.vcxproj”(build 个目标)的操作。

生成成功。

已用时间 00:00:01.22
