c:\users\戴杰\desktop\code\cpp语言程序设计_郑莉\实验及课后习题\lab5_2\debug\client.obj
c:\users\戴杰\desktop\code\cpp语言程序设计_郑莉\实验及课后习题\lab5_2\debug\lab5_2.obj
c:\users\戴杰\desktop\code\cpp语言程序设计_郑莉\实验及课后习题\lab5_2\debug\vc100.pdb
c:\users\戴杰\desktop\code\cpp语言程序设计_郑莉\实验及课后习题\debug\lab5_2.ilk
c:\users\戴杰\desktop\code\cpp语言程序设计_郑莉\实验及课后习题\debug\lab5_2.exe
c:\users\戴杰\desktop\code\cpp语言程序设计_郑莉\实验及课后习题\lab5_2\debug\lab5_2.exe.intermediate.manifest
c:\users\戴杰\desktop\code\cpp语言程序设计_郑莉\实验及课后习题\debug\lab5_2.pdb
c:\users\戴杰\desktop\code\cpp语言程序设计_郑莉\实验及课后习题\lab5_2\debug\lab5_2.exe.embed.manifest
c:\users\戴杰\desktop\code\cpp语言程序设计_郑莉\实验及课后习题\lab5_2\debug\lab5_2.exe.embed.manifest.res
c:\users\daijie\desktop\cpp-zhengli\实验及课后习题\lab5_2\debug\vc142.pdb
c:\users\daijie\desktop\cpp-zhengli\实验及课后习题\lab5_2\debug\vc142.idb
c:\users\daijie\desktop\cpp-zhengli\实验及课后习题\lab5_2\debug\lab5_2.obj
c:\users\daijie\desktop\cpp-zhengli\实验及课后习题\lab5_2\debug\client.obj
c:\users\daijie\desktop\cpp-zhengli\实验及课后习题\debug\lab5_2.ilk
c:\users\daijie\desktop\cpp-zhengli\实验及课后习题\debug\lab5_2.exe
c:\users\daijie\desktop\cpp-zhengli\实验及课后习题\debug\lab5_2.pdb
c:\users\daijie\desktop\cpp-zhengli\实验及课后习题\lab5_2\debug\lab5_2.vcxprojresolveassemblyreference.cache
c:\users\daijie\desktop\cpp-zhengli\实验及课后习题\lab5_2\debug\cl.command.1.tlog
c:\users\daijie\desktop\cpp-zhengli\实验及课后习题\lab5_2\debug\cl.read.1.tlog
c:\users\daijie\desktop\cpp-zhengli\实验及课后习题\lab5_2\debug\cl.write.1.tlog
c:\users\daijie\desktop\cpp-zhengli\实验及课后习题\lab5_2\debug\lab5_2.write.1.tlog
c:\users\daijie\desktop\cpp-zhengli\实验及课后习题\lab5_2\debug\link-cvtres.read.1.tlog
c:\users\daijie\desktop\cpp-zhengli\实验及课后习题\lab5_2\debug\link-cvtres.write.1.tlog
c:\users\daijie\desktop\cpp-zhengli\实验及课后习题\lab5_2\debug\link.7516-cvtres.read.1.tlog
c:\users\daijie\desktop\cpp-zhengli\实验及课后习题\lab5_2\debug\link.7516-cvtres.write.1.tlog
c:\users\daijie\desktop\cpp-zhengli\实验及课后习题\lab5_2\debug\link.7516.read.1.tlog
c:\users\daijie\desktop\cpp-zhengli\实验及课后习题\lab5_2\debug\link.7516.write.1.tlog
c:\users\daijie\desktop\cpp-zhengli\实验及课后习题\lab5_2\debug\link.command.1.tlog
c:\users\daijie\desktop\cpp-zhengli\实验及课后习题\lab5_2\debug\link.read.1.tlog
c:\users\daijie\desktop\cpp-zhengli\实验及课后习题\lab5_2\debug\link.write.1.tlog
c:\users\daijie\desktop\cpp-zhengli\实验及课后习题\lab5_2\debug\mt.command.1.tlog
c:\users\daijie\desktop\cpp-zhengli\实验及课后习题\lab5_2\debug\mt.read.1.tlog
c:\users\daijie\desktop\cpp-zhengli\实验及课后习题\lab5_2\debug\mt.write.1.tlog
c:\users\daijie\desktop\cpp-zhengli\实验及课后习题\lab5_2\debug\rc.command.1.tlog
c:\users\daijie\desktop\cpp-zhengli\实验及课后习题\lab5_2\debug\rc.read.1.tlog
c:\users\daijie\desktop\cpp-zhengli\实验及课后习题\lab5_2\debug\rc.write.1.tlog
c:\users\daijie\desktop\cpp-zhengli\实验及课后习题\lab5_2\debug\lab5_2.exe.embed.manifest
c:\users\daijie\desktop\cpp-zhengli\实验及课后习题\lab5_2\debug\lab5_2.exe.intermediate.manifest
c:\users\daijie\desktop\cpp-zhengli\实验及课后习题\lab5_2\debug\lab5_2.exe.embed.manifest.res
c:\users\daijie\desktop\cpp-zhengli\实验及课后习题\lab5_2\debug\vc100.idb
c:\users\daijie\desktop\cpp-zhengli\实验及课后习题\lab5_2\debug\vc100.pdb
c:\users\daijie\desktop\cpp-zhengli\实验及课后习题\lab5_2\debug\lab5_2_manifest.rc
c:\users\daijie\desktop\cpp-zhengli\实验及课后习题\lab5_2\debug\lab5_2.tlog\cl.command.1.tlog
c:\users\daijie\desktop\cpp-zhengli\实验及课后习题\lab5_2\debug\lab5_2.tlog\cl.read.1.tlog
c:\users\daijie\desktop\cpp-zhengli\实验及课后习题\lab5_2\debug\lab5_2.tlog\cl.write.1.tlog
c:\users\daijie\desktop\cpp-zhengli\实验及课后习题\lab5_2\debug\lab5_2.tlog\link.command.1.tlog
c:\users\daijie\desktop\cpp-zhengli\实验及课后习题\lab5_2\debug\lab5_2.tlog\link.delete.1.tlog
c:\users\daijie\desktop\cpp-zhengli\实验及课后习题\lab5_2\debug\lab5_2.tlog\link.read.1.tlog
c:\users\daijie\desktop\cpp-zhengli\实验及课后习题\lab5_2\debug\lab5_2.tlog\link.write.1.tlog
