C:\USERS\戴杰\DESKTOP\CODE\CPP语言程序设计_郑莉\例题代码\6_10\DEBUG\6_10.EXE.EMBED.MANIFEST
C:\USERS\戴杰\DESKTOP\CODE\CPP语言程序设计_郑莉\例题代码\6_10\DEBUG\6_10.EXE.EMBED.MANIFEST.RES
C:\USERS\戴杰\DESKTOP\CODE\CPP语言程序设计_郑莉\例题代码\6_10\DEBUG\6_10.EXE.INTERMEDIATE.MANIFEST
C:\USERS\戴杰\DESKTOP\CODE\CPP语言程序设计_郑莉\例题代码\6_10\DEBUG\6_10.OBJ
C:\Users\戴杰\Desktop\code\CPP语言程序设计_郑莉\例题代码\6_10\Debug\6_10.vcxprojResolveAssemblyReference.cache
C:\Users\戴杰\Desktop\code\CPP语言程序设计_郑莉\例题代码\6_10\Debug\6_10.write.1.tlog
C:\Users\戴杰\Desktop\code\CPP语言程序设计_郑莉\例题代码\6_10\Debug\6_10_manifest.rc
C:\Users\戴杰\Desktop\code\CPP语言程序设计_郑莉\例题代码\6_10\Debug\cl.command.1.tlog
C:\Users\戴杰\Desktop\code\CPP语言程序设计_郑莉\例题代码\6_10\Debug\CL.read.1.tlog
C:\Users\戴杰\Desktop\code\CPP语言程序设计_郑莉\例题代码\6_10\Debug\CL.write.1.tlog
C:\Users\戴杰\Desktop\code\CPP语言程序设计_郑莉\例题代码\6_10\Debug\link.17204.read.1.tlog
C:\Users\戴杰\Desktop\code\CPP语言程序设计_郑莉\例题代码\6_10\Debug\link.17204.write.1.tlog
C:\Users\戴杰\Desktop\code\CPP语言程序设计_郑莉\例题代码\6_10\Debug\link.17204-cvtres.read.1.tlog
C:\Users\戴杰\Desktop\code\CPP语言程序设计_郑莉\例题代码\6_10\Debug\link.17204-cvtres.write.1.tlog
C:\Users\戴杰\Desktop\code\CPP语言程序设计_郑莉\例题代码\6_10\Debug\link.command.1.tlog
C:\Users\戴杰\Desktop\code\CPP语言程序设计_郑莉\例题代码\6_10\Debug\link.read.1.tlog
C:\Users\戴杰\Desktop\code\CPP语言程序设计_郑莉\例题代码\6_10\Debug\link.write.1.tlog
C:\Users\戴杰\Desktop\code\CPP语言程序设计_郑莉\例题代码\6_10\Debug\link-cvtres.read.1.tlog
C:\Users\戴杰\Desktop\code\CPP语言程序设计_郑莉\例题代码\6_10\Debug\link-cvtres.write.1.tlog
C:\Users\戴杰\Desktop\code\CPP语言程序设计_郑莉\例题代码\6_10\Debug\mt.command.1.tlog
C:\Users\戴杰\Desktop\code\CPP语言程序设计_郑莉\例题代码\6_10\Debug\mt.read.1.tlog
C:\Users\戴杰\Desktop\code\CPP语言程序设计_郑莉\例题代码\6_10\Debug\mt.write.1.tlog
C:\Users\戴杰\Desktop\code\CPP语言程序设计_郑莉\例题代码\6_10\Debug\rc.command.1.tlog
C:\Users\戴杰\Desktop\code\CPP语言程序设计_郑莉\例题代码\6_10\Debug\rc.read.1.tlog
C:\Users\戴杰\Desktop\code\CPP语言程序设计_郑莉\例题代码\6_10\Debug\rc.write.1.tlog
C:\Users\戴杰\Desktop\code\CPP语言程序设计_郑莉\例题代码\6_10\Debug\vc100.idb
C:\USERS\戴杰\DESKTOP\CODE\CPP语言程序设计_郑莉\例题代码\6_10\DEBUG\VC100.PDB
C:\USERS\戴杰\DESKTOP\CODE\CPP语言程序设计_郑莉\例题代码\DEBUG\6_10.EXE
C:\USERS\戴杰\DESKTOP\CODE\CPP语言程序设计_郑莉\例题代码\DEBUG\6_10.ILK
C:\USERS\戴杰\DESKTOP\CODE\CPP语言程序设计_郑莉\例题代码\DEBUG\6_10.PDB
