c:\users\戴杰\desktop\code\cpp语言程序设计_郑莉\实验及课后习题\lab5_1\debug\vc100.pdb
c:\users\戴杰\desktop\code\cpp语言程序设计_郑莉\实验及课后习题\lab5_1\debug\lab5_1.obj
c:\users\戴杰\desktop\code\cpp语言程序设计_郑莉\实验及课后习题\debug\lab5_1.ilk
c:\users\戴杰\desktop\code\cpp语言程序设计_郑莉\实验及课后习题\debug\lab5_1.exe
c:\users\戴杰\desktop\code\cpp语言程序设计_郑莉\实验及课后习题\lab5_1\debug\lab5_1.exe.intermediate.manifest
c:\users\戴杰\desktop\code\cpp语言程序设计_郑莉\实验及课后习题\debug\lab5_1.pdb
c:\users\戴杰\desktop\code\cpp语言程序设计_郑莉\实验及课后习题\lab5_1\debug\lab5_1.exe.embed.manifest
c:\users\戴杰\desktop\code\cpp语言程序设计_郑莉\实验及课后习题\lab5_1\debug\lab5_1.exe.embed.manifest.res
c:\users\daijie\desktop\cpp-zhengli\实验及课后习题\lab5_1\debug\lab5_1.vcxprojresolveassemblyreference.cache
c:\users\daijie\desktop\cpp-zhengli\实验及课后习题\lab5_1\debug\lab5_1.obj
c:\users\daijie\desktop\cpp-zhengli\实验及课后习题\lab5_1\debug\cl.command.1.tlog
c:\users\daijie\desktop\cpp-zhengli\实验及课后习题\lab5_1\debug\cl.read.1.tlog
c:\users\daijie\desktop\cpp-zhengli\实验及课后习题\lab5_1\debug\cl.write.1.tlog
c:\users\daijie\desktop\cpp-zhengli\实验及课后习题\lab5_1\debug\lab5_1.write.1.tlog
c:\users\daijie\desktop\cpp-zhengli\实验及课后习题\lab5_1\debug\link-cvtres.read.1.tlog
c:\users\daijie\desktop\cpp-zhengli\实验及课后习题\lab5_1\debug\link-cvtres.write.1.tlog
c:\users\daijie\desktop\cpp-zhengli\实验及课后习题\lab5_1\debug\link.1032-cvtres.read.1.tlog
c:\users\daijie\desktop\cpp-zhengli\实验及课后习题\lab5_1\debug\link.1032-cvtres.write.1.tlog
c:\users\daijie\desktop\cpp-zhengli\实验及课后习题\lab5_1\debug\link.1032.read.1.tlog
c:\users\daijie\desktop\cpp-zhengli\实验及课后习题\lab5_1\debug\link.1032.write.1.tlog
c:\users\daijie\desktop\cpp-zhengli\实验及课后习题\lab5_1\debug\link.command.1.tlog
c:\users\daijie\desktop\cpp-zhengli\实验及课后习题\lab5_1\debug\link.read.1.tlog
c:\users\daijie\desktop\cpp-zhengli\实验及课后习题\lab5_1\debug\link.write.1.tlog
c:\users\daijie\desktop\cpp-zhengli\实验及课后习题\lab5_1\debug\mt.command.1.tlog
c:\users\daijie\desktop\cpp-zhengli\实验及课后习题\lab5_1\debug\mt.read.1.tlog
c:\users\daijie\desktop\cpp-zhengli\实验及课后习题\lab5_1\debug\mt.write.1.tlog
c:\users\daijie\desktop\cpp-zhengli\实验及课后习题\lab5_1\debug\rc.command.1.tlog
c:\users\daijie\desktop\cpp-zhengli\实验及课后习题\lab5_1\debug\rc.read.1.tlog
c:\users\daijie\desktop\cpp-zhengli\实验及课后习题\lab5_1\debug\rc.write.1.tlog
c:\users\daijie\desktop\cpp-zhengli\实验及课后习题\lab5_1\debug\lab5_1.exe.embed.manifest
c:\users\daijie\desktop\cpp-zhengli\实验及课后习题\lab5_1\debug\lab5_1.exe.intermediate.manifest
c:\users\daijie\desktop\cpp-zhengli\实验及课后习题\lab5_1\debug\lab5_1.exe.embed.manifest.res
c:\users\daijie\desktop\cpp-zhengli\实验及课后习题\lab5_1\debug\vc100.idb
c:\users\daijie\desktop\cpp-zhengli\实验及课后习题\lab5_1\debug\vc100.pdb
c:\users\daijie\desktop\cpp-zhengli\实验及课后习题\lab5_1\debug\lab5_1_manifest.rc
c:\users\daijie\desktop\cpp-zhengli\实验及课后习题\debug\lab5_1.pdb
c:\users\daijie\desktop\cpp-zhengli\实验及课后习题\debug\lab5_1.exe
c:\users\daijie\desktop\cpp-zhengli\实验及课后习题\debug\lab5_1.ilk
