生成启动时间为 2019/3/7 17:26:40。
     1>项目“C:\Users\戴杰\Desktop\code\CPP语言程序设计_郑莉\例题代码\3_17\3_17.vcxproj”在节点 2 上(build 个目标)。
     1>InitializeBuildStatus:
         正在创建“Debug\3_17.unsuccessfulbuild”，因为已指定“AlwaysCreate”。
       ClCompile:
         d:\Program Files (x86)\Microsoft Visual Studio 10.0\VC\bin\CL.exe /c /ZI /nologo /W3 /WX- /Od /Oy- /D WIN32 /D _DEBUG /D _CONSOLE /D _UNICODE /D UNICODE /Gm /EHsc /RTC1 /MDd /GS /fp:precise /Zc:wchar_t /Zc:forScope /Fo"Debug\\" /Fd"Debug\vc100.pdb" /Gd /TP /analyze- /errorReport:prompt 3_17.cpp
         3_17.cpp
       ManifestResourceCompile:
         C:\Program Files (x86)\Microsoft SDKs\Windows\v7.0A\bin\rc.exe /nologo /fo"Debug\3_17.exe.embed.manifest.res" Debug\3_17_manifest.rc 
       Link:
         d:\Program Files (x86)\Microsoft Visual Studio 10.0\VC\bin\link.exe /ERRORREPORT:PROMPT /OUT:"C:\Users\戴杰\Desktop\code\CPP语言程序设计_郑莉\例题代码\Debug\3_17.exe" /INCREMENTAL /NOLOGO kernel32.lib user32.lib gdi32.lib winspool.lib comdlg32.lib advapi32.lib shell32.lib ole32.lib oleaut32.lib uuid.lib odbc32.lib odbccp32.lib /MANIFEST /ManifestFile:"Debug\3_17.exe.intermediate.manifest" /MANIFESTUAC:"level='asInvoker' uiAccess='false'" /DEBUG /PDB:"C:\Users\戴杰\Desktop\code\CPP语言程序设计_郑莉\例题代码\Debug\3_17.pdb" /SUBSYSTEM:CONSOLE /TLBID:1 /DYNAMICBASE /NXCOMPAT /IMPLIB:"C:\Users\戴杰\Desktop\code\CPP语言程序设计_郑莉\例题代码\Debug\3_17.lib" /MACHINE:X86 Debug\3_17.exe.embed.manifest.res
         Debug\3_17.obj
       Manifest:
         C:\Program Files (x86)\Microsoft SDKs\Windows\v7.0A\bin\mt.exe /nologo /verbose /out:"Debug\3_17.exe.embed.manifest" /manifest Debug\3_17.exe.intermediate.manifest
         C:\Program Files (x86)\Microsoft SDKs\Windows\v7.0A\bin\rc.exe /nologo /fo"Debug\3_17.exe.embed.manifest.res" Debug\3_17_manifest.rc 
       LinkEmbedManifest:
         d:\Program Files (x86)\Microsoft Visual Studio 10.0\VC\bin\link.exe /ERRORREPORT:PROMPT /OUT:"C:\Users\戴杰\Desktop\code\CPP语言程序设计_郑莉\例题代码\Debug\3_17.exe" /INCREMENTAL /NOLOGO kernel32.lib user32.lib gdi32.lib winspool.lib comdlg32.lib advapi32.lib shell32.lib ole32.lib oleaut32.lib uuid.lib odbc32.lib odbccp32.lib /MANIFEST /ManifestFile:"Debug\3_17.exe.intermediate.manifest" /MANIFESTUAC:"level='asInvoker' uiAccess='false'" /DEBUG /PDB:"C:\Users\戴杰\Desktop\code\CPP语言程序设计_郑莉\例题代码\Debug\3_17.pdb" /SUBSYSTEM:CONSOLE /TLBID:1 /DYNAMICBASE /NXCOMPAT /IMPLIB:"C:\Users\戴杰\Desktop\code\CPP语言程序设计_郑莉\例题代码\Debug\3_17.lib" /MACHINE:X86 Debug\3_17.exe.embed.manifest.res
         Debug\3_17.obj
         3_17.vcxproj -> C:\Users\戴杰\Desktop\code\CPP语言程序设计_郑莉\例题代码\Debug\3_17.exe
       FinalizeBuildStatus:
         正在删除文件“Debug\3_17.unsuccessfulbuild”。
         正在对“Debug\3_17.lastbuildstate”执行 Touch 任务。
     1>已完成生成项目“C:\Users\戴杰\Desktop\code\CPP语言程序设计_郑莉\例题代码\3_17\3_17.vcxproj”(build 个目标)的操作。

生成成功。

已用时间 00:00:02.10
