c:\users\戴杰\desktop\code\cpp语言程序设计_郑莉\实验及课后习题\lab3_4\debug\vc100.pdb
c:\users\戴杰\desktop\code\cpp语言程序设计_郑莉\实验及课后习题\lab3_4\debug\lab3_4.obj
c:\users\戴杰\desktop\code\cpp语言程序设计_郑莉\实验及课后习题\debug\lab3_4.ilk
c:\users\戴杰\desktop\code\cpp语言程序设计_郑莉\实验及课后习题\debug\lab3_4.exe
c:\users\戴杰\desktop\code\cpp语言程序设计_郑莉\实验及课后习题\lab3_4\debug\lab3_4.exe.intermediate.manifest
c:\users\戴杰\desktop\code\cpp语言程序设计_郑莉\实验及课后习题\debug\lab3_4.pdb
c:\users\戴杰\desktop\code\cpp语言程序设计_郑莉\实验及课后习题\lab3_4\debug\lab3_4.exe.embed.manifest
c:\users\戴杰\desktop\code\cpp语言程序设计_郑莉\实验及课后习题\lab3_4\debug\lab3_4.exe.embed.manifest.res
c:\users\daijie\desktop\cpp-zhengli\实验及课后习题\lab3_4\debug\lab3_4.obj
c:\users\daijie\desktop\cpp-zhengli\实验及课后习题\lab3_4\debug\cl.command.1.tlog
c:\users\daijie\desktop\cpp-zhengli\实验及课后习题\lab3_4\debug\cl.read.1.tlog
c:\users\daijie\desktop\cpp-zhengli\实验及课后习题\lab3_4\debug\cl.write.1.tlog
c:\users\daijie\desktop\cpp-zhengli\实验及课后习题\lab3_4\debug\lab3_4.write.1.tlog
c:\users\daijie\desktop\cpp-zhengli\实验及课后习题\lab3_4\debug\link-cvtres.read.1.tlog
c:\users\daijie\desktop\cpp-zhengli\实验及课后习题\lab3_4\debug\link-cvtres.write.1.tlog
c:\users\daijie\desktop\cpp-zhengli\实验及课后习题\lab3_4\debug\link.9088-cvtres.read.1.tlog
c:\users\daijie\desktop\cpp-zhengli\实验及课后习题\lab3_4\debug\link.9088-cvtres.write.1.tlog
c:\users\daijie\desktop\cpp-zhengli\实验及课后习题\lab3_4\debug\link.9088.read.1.tlog
c:\users\daijie\desktop\cpp-zhengli\实验及课后习题\lab3_4\debug\link.9088.write.1.tlog
c:\users\daijie\desktop\cpp-zhengli\实验及课后习题\lab3_4\debug\link.command.1.tlog
c:\users\daijie\desktop\cpp-zhengli\实验及课后习题\lab3_4\debug\link.read.1.tlog
c:\users\daijie\desktop\cpp-zhengli\实验及课后习题\lab3_4\debug\link.write.1.tlog
c:\users\daijie\desktop\cpp-zhengli\实验及课后习题\lab3_4\debug\mt.command.1.tlog
c:\users\daijie\desktop\cpp-zhengli\实验及课后习题\lab3_4\debug\mt.read.1.tlog
c:\users\daijie\desktop\cpp-zhengli\实验及课后习题\lab3_4\debug\mt.write.1.tlog
c:\users\daijie\desktop\cpp-zhengli\实验及课后习题\lab3_4\debug\rc.command.1.tlog
c:\users\daijie\desktop\cpp-zhengli\实验及课后习题\lab3_4\debug\rc.read.1.tlog
c:\users\daijie\desktop\cpp-zhengli\实验及课后习题\lab3_4\debug\rc.write.1.tlog
c:\users\daijie\desktop\cpp-zhengli\实验及课后习题\lab3_4\debug\lab3_4.exe.embed.manifest
c:\users\daijie\desktop\cpp-zhengli\实验及课后习题\lab3_4\debug\lab3_4.exe.intermediate.manifest
c:\users\daijie\desktop\cpp-zhengli\实验及课后习题\lab3_4\debug\lab3_4.exe.embed.manifest.res
c:\users\daijie\desktop\cpp-zhengli\实验及课后习题\lab3_4\debug\vc100.idb
c:\users\daijie\desktop\cpp-zhengli\实验及课后习题\lab3_4\debug\vc100.pdb
c:\users\daijie\desktop\cpp-zhengli\实验及课后习题\lab3_4\debug\lab3_4_manifest.rc
c:\users\daijie\desktop\cpp-zhengli\实验及课后习题\debug\lab3_4.pdb
c:\users\daijie\desktop\cpp-zhengli\实验及课后习题\debug\lab3_4.exe
c:\users\daijie\desktop\cpp-zhengli\实验及课后习题\debug\lab3_4.ilk
