c:\users\戴杰\desktop\code\cpp语言程序设计_郑莉\实验及课后习题\lab4_1.cpp\debug\vc100.pdb
c:\users\戴杰\desktop\code\cpp语言程序设计_郑莉\实验及课后习题\lab4_1.cpp\debug\lab4_1.obj
c:\users\戴杰\desktop\code\cpp语言程序设计_郑莉\实验及课后习题\debug\lab4_1.cpp.ilk
c:\users\戴杰\desktop\code\cpp语言程序设计_郑莉\实验及课后习题\debug\lab4_1.cpp.exe
c:\users\戴杰\desktop\code\cpp语言程序设计_郑莉\实验及课后习题\lab4_1.cpp\debug\lab4_1.cpp.exe.intermediate.manifest
c:\users\戴杰\desktop\code\cpp语言程序设计_郑莉\实验及课后习题\debug\lab4_1.cpp.pdb
c:\users\戴杰\desktop\code\cpp语言程序设计_郑莉\实验及课后习题\debug\lab4_1.ilk
c:\users\戴杰\desktop\code\cpp语言程序设计_郑莉\实验及课后习题\debug\lab4_1.exe
c:\users\戴杰\desktop\code\cpp语言程序设计_郑莉\实验及课后习题\lab4_1.cpp\debug\lab4_1.exe.intermediate.manifest
c:\users\戴杰\desktop\code\cpp语言程序设计_郑莉\实验及课后习题\debug\lab4_1.pdb
c:\users\戴杰\desktop\code\cpp语言程序设计_郑莉\实验及课后习题\lab4_1.cpp\debug\lab4_1.cpp.exe.embed.manifest
c:\users\戴杰\desktop\code\cpp语言程序设计_郑莉\实验及课后习题\lab4_1.cpp\debug\lab4_1.exe.embed.manifest
c:\users\戴杰\desktop\code\cpp语言程序设计_郑莉\实验及课后习题\lab4_1.cpp\debug\lab4_1.cpp.exe.embed.manifest.res
c:\users\戴杰\desktop\code\cpp语言程序设计_郑莉\实验及课后习题\lab4_1.cpp\debug\lab4_1.exe.embed.manifest.res
c:\users\daijie\desktop\cpp-zhengli\实验及课后习题\lab4_1.cpp\debug\lab4_1.cpp.vcxprojresolveassemblyreference.cache
c:\users\daijie\desktop\cpp-zhengli\实验及课后习题\lab4_1.cpp\debug\lab4_1.obj
c:\users\daijie\desktop\cpp-zhengli\实验及课后习题\lab4_1.cpp\debug\cl.command.1.tlog
c:\users\daijie\desktop\cpp-zhengli\实验及课后习题\lab4_1.cpp\debug\cl.read.1.tlog
c:\users\daijie\desktop\cpp-zhengli\实验及课后习题\lab4_1.cpp\debug\cl.write.1.tlog
c:\users\daijie\desktop\cpp-zhengli\实验及课后习题\lab4_1.cpp\debug\lab4_1.cpp.write.1.tlog
c:\users\daijie\desktop\cpp-zhengli\实验及课后习题\lab4_1.cpp\debug\lab4_1.write.1.tlog
c:\users\daijie\desktop\cpp-zhengli\实验及课后习题\lab4_1.cpp\debug\link-cvtres.read.1.tlog
c:\users\daijie\desktop\cpp-zhengli\实验及课后习题\lab4_1.cpp\debug\link-cvtres.write.1.tlog
c:\users\daijie\desktop\cpp-zhengli\实验及课后习题\lab4_1.cpp\debug\link.10020-cvtres.read.1.tlog
c:\users\daijie\desktop\cpp-zhengli\实验及课后习题\lab4_1.cpp\debug\link.10020-cvtres.write.1.tlog
c:\users\daijie\desktop\cpp-zhengli\实验及课后习题\lab4_1.cpp\debug\link.10020.read.1.tlog
c:\users\daijie\desktop\cpp-zhengli\实验及课后习题\lab4_1.cpp\debug\link.10020.write.1.tlog
c:\users\daijie\desktop\cpp-zhengli\实验及课后习题\lab4_1.cpp\debug\link.4940-cvtres.read.1.tlog
c:\users\daijie\desktop\cpp-zhengli\实验及课后习题\lab4_1.cpp\debug\link.4940-cvtres.write.1.tlog
c:\users\daijie\desktop\cpp-zhengli\实验及课后习题\lab4_1.cpp\debug\link.4940.read.1.tlog
c:\users\daijie\desktop\cpp-zhengli\实验及课后习题\lab4_1.cpp\debug\link.4940.write.1.tlog
c:\users\daijie\desktop\cpp-zhengli\实验及课后习题\lab4_1.cpp\debug\link.command.1.tlog
c:\users\daijie\desktop\cpp-zhengli\实验及课后习题\lab4_1.cpp\debug\link.read.1.tlog
c:\users\daijie\desktop\cpp-zhengli\实验及课后习题\lab4_1.cpp\debug\link.write.1.tlog
c:\users\daijie\desktop\cpp-zhengli\实验及课后习题\lab4_1.cpp\debug\mt.command.1.tlog
c:\users\daijie\desktop\cpp-zhengli\实验及课后习题\lab4_1.cpp\debug\mt.read.1.tlog
c:\users\daijie\desktop\cpp-zhengli\实验及课后习题\lab4_1.cpp\debug\mt.write.1.tlog
c:\users\daijie\desktop\cpp-zhengli\实验及课后习题\lab4_1.cpp\debug\rc.command.1.tlog
c:\users\daijie\desktop\cpp-zhengli\实验及课后习题\lab4_1.cpp\debug\rc.read.1.tlog
c:\users\daijie\desktop\cpp-zhengli\实验及课后习题\lab4_1.cpp\debug\rc.write.1.tlog
c:\users\daijie\desktop\cpp-zhengli\实验及课后习题\lab4_1.cpp\debug\lab4_1.cpp.exe.embed.manifest
c:\users\daijie\desktop\cpp-zhengli\实验及课后习题\lab4_1.cpp\debug\lab4_1.cpp.exe.intermediate.manifest
c:\users\daijie\desktop\cpp-zhengli\实验及课后习题\lab4_1.cpp\debug\lab4_1.exe.embed.manifest
c:\users\daijie\desktop\cpp-zhengli\实验及课后习题\lab4_1.cpp\debug\lab4_1.exe.intermediate.manifest
c:\users\daijie\desktop\cpp-zhengli\实验及课后习题\lab4_1.cpp\debug\lab4_1.cpp.exe.embed.manifest.res
c:\users\daijie\desktop\cpp-zhengli\实验及课后习题\lab4_1.cpp\debug\lab4_1.exe.embed.manifest.res
c:\users\daijie\desktop\cpp-zhengli\实验及课后习题\lab4_1.cpp\debug\vc100.idb
c:\users\daijie\desktop\cpp-zhengli\实验及课后习题\lab4_1.cpp\debug\vc100.pdb
c:\users\daijie\desktop\cpp-zhengli\实验及课后习题\lab4_1.cpp\debug\lab4_1.cpp_manifest.rc
c:\users\daijie\desktop\cpp-zhengli\实验及课后习题\lab4_1.cpp\debug\lab4_1_manifest.rc
c:\users\daijie\desktop\cpp-zhengli\实验及课后习题\debug\lab4_1.pdb
c:\users\daijie\desktop\cpp-zhengli\实验及课后习题\debug\lab4_1.exe
c:\users\daijie\desktop\cpp-zhengli\实验及课后习题\debug\lab4_1.ilk
